This file contains any messages produced by compilers while
running configure, to aid debugging if configure makes a mistake.

It was created by ap_fsys configure 0.01, which was
generated by GNU Autoconf 2.69.  Invocation command line was

  $ ./configure 

## --------- ##
## Platform. ##
## --------- ##

hostname = sunyadeMacBook-Pro.local
uname -m = x86_64
uname -r = 14.5.0
uname -s = Darwin
uname -v = Darwin Kernel Version 14.5.0: Wed Jul 29 02:26:53 PDT 2015; root:xnu-2782.40.9~1/RELEASE_X86_64

/usr/bin/uname -p = i386
/bin/uname -X     = unknown

/bin/arch              = unknown
/usr/bin/arch -k       = unknown
/usr/convex/getsysinfo = unknown
/usr/bin/hostinfo      = Mach kernel version:
	 Darwin Kernel Version 14.5.0: Wed Jul 29 02:26:53 PDT 2015; root:xnu-2782.40.9~1/RELEASE_X86_64
Kernel configured for up to 4 processors.
2 processors are physically available.
4 processors are logically available.
Processor type: x86_64h (Intel x86-64h Haswell)
Processors active: 0 1 2 3
Primary memory available: 8.00 gigabytes
Default processor set: 238 tasks, 1018 threads, 4 processors
Load average: 1.86, Mach factor: 2.21
/bin/machine           = unknown
/usr/bin/oslevel       = unknown
/bin/universe          = unknown

PATH: /usr/local/bin
PATH: /usr/bin
PATH: /bin
PATH: /usr/sbin
PATH: /sbin
PATH: /usr/local/git/bin
PATH: /usr/texbin


## ----------- ##
## Core tests. ##
## ----------- ##

configure:2441: checking for a BSD-compatible install
configure:2509: result: /usr/bin/install -c
configure:2520: checking whether build environment is sane
configure:2575: result: yes
configure:2726: checking for a thread-safe mkdir -p
configure:2765: result: ./install-sh -c -d
configure:2772: checking for gawk
configure:2802: result: no
configure:2772: checking for mawk
configure:2802: result: no
configure:2772: checking for nawk
configure:2802: result: no
configure:2772: checking for awk
configure:2788: found /usr/bin/awk
configure:2799: result: awk
configure:2810: checking whether make sets $(MAKE)
configure:2832: result: yes
configure:2861: checking whether make supports nested variables
configure:2878: result: yes
configure:3034: checking build system type
configure:3048: result: x86_64-apple-darwin14.5.0
configure:3068: checking host system type
configure:3081: result: x86_64-apple-darwin14.5.0
configure:3113: checking for style of include used by make
configure:3141: result: GNU
configure:3212: checking for gcc
configure:3228: found /usr/bin/gcc
configure:3239: result: gcc
configure:3468: checking for C compiler version
configure:3477: gcc --version >&5
Apple LLVM version 6.0 (clang-600.0.57) (based on LLVM 3.5svn)
Target: x86_64-apple-darwin14.5.0
Thread model: posix
Configured with: --prefix=/Applications/Xcode.app/Contents/Developer/usr --with-gxx-include-dir=/Applications/Xcode.app/Contents/Developer/Platforms/MacOSX.platform/Developer/SDKs/MacOSX10.10.sdk/usr/include/c++/4.2.1
configure:3488: $? = 0
configure:3477: gcc -v >&5
Configured with: --prefix=/Applications/Xcode.app/Contents/Developer/usr --with-gxx-include-dir=/Applications/Xcode.app/Contents/Developer/Platforms/MacOSX.platform/Developer/SDKs/MacOSX10.10.sdk/usr/include/c++/4.2.1
Apple LLVM version 6.0 (clang-600.0.57) (based on LLVM 3.5svn)
Target: x86_64-apple-darwin14.5.0
Thread model: posix
configure:3488: $? = 0
configure:3477: gcc -V >&5
clang: error: argument to '-V' is missing (expected 1 value)
clang: error: no input files
configure:3488: $? = 1
configure:3477: gcc -qversion >&5
clang: error: unknown argument: '-qversion'
clang: error: no input files
configure:3488: $? = 1
configure:3508: checking whether the C compiler works
configure:3530: gcc    conftest.c  >&5
configure:3534: $? = 0
configure:3582: result: yes
configure:3585: checking for C compiler default output file name
configure:3587: result: a.out
configure:3593: checking for suffix of executables
configure:3600: gcc -o conftest    conftest.c  >&5
configure:3604: $? = 0
configure:3626: result: 
configure:3648: checking whether we are cross compiling
configure:3656: gcc -o conftest    conftest.c  >&5
configure:3660: $? = 0
configure:3667: ./conftest
configure:3671: $? = 0
configure:3686: result: no
configure:3691: checking for suffix of object files
configure:3713: gcc -c   conftest.c >&5
configure:3717: $? = 0
configure:3738: result: o
configure:3742: checking whether we are using the GNU C compiler
configure:3761: gcc -c   conftest.c >&5
configure:3761: $? = 0
configure:3770: result: yes
configure:3779: checking whether gcc accepts -g
configure:3799: gcc -c -g  conftest.c >&5
configure:3799: $? = 0
configure:3840: result: yes
configure:3857: checking for gcc option to accept ISO C89
configure:3920: gcc  -c -g -O2  conftest.c >&5
configure:3920: $? = 0
configure:3933: result: none needed
configure:3958: checking whether gcc understands -c and -o together
configure:3980: gcc -c conftest.c -o conftest2.o
configure:3983: $? = 0
configure:3980: gcc -c conftest.c -o conftest2.o
configure:3983: $? = 0
configure:3995: result: yes
configure:4014: checking dependency style of gcc
configure:4125: result: gcc3
configure:4140: checking for a sed that does not truncate output
configure:4204: result: /usr/bin/sed
configure:4222: checking for grep that handles long lines and -e
configure:4280: result: /usr/bin/grep
configure:4285: checking for egrep
configure:4347: result: /usr/bin/grep -E
configure:4352: checking for fgrep
configure:4414: result: /usr/bin/grep -F
configure:4449: checking for ld used by gcc
configure:4516: result: /Applications/Xcode.app/Contents/Developer/Toolchains/XcodeDefault.xctoolchain/usr/bin/ld
configure:4523: checking if the linker (/Applications/Xcode.app/Contents/Developer/Toolchains/XcodeDefault.xctoolchain/usr/bin/ld) is GNU ld
configure:4538: result: no
configure:4550: checking for BSD- or MS-compatible name lister (nm)
configure:4599: result: /usr/bin/nm
configure:4717: checking the name lister (/usr/bin/nm) interface
configure:4724: gcc -c -g -O2  conftest.c >&5
configure:4727: /usr/bin/nm "conftest.o"
configure:4730: output
0000000000000228 S _some_variable
configure:4737: result: BSD nm
configure:4740: checking whether ln -s works
configure:4744: result: yes
configure:4752: checking the maximum length of command line arguments
configure:4872: result: 196608
configure:4889: checking whether the shell understands some XSI constructs
configure:4899: result: yes
configure:4903: checking whether the shell understands "+="
configure:4909: result: yes
configure:4944: checking for /Applications/Xcode.app/Contents/Developer/Toolchains/XcodeDefault.xctoolchain/usr/bin/ld option to reload object files
configure:4951: result: -r
configure:5020: checking for objdump
configure:5050: result: no
configure:5079: checking how to recognize dependent libraries
configure:5275: result: pass_all
configure:5335: checking for ar
configure:5351: found /usr/bin/ar
configure:5362: result: ar
configure:5440: checking for strip
configure:5456: found /usr/bin/strip
configure:5467: result: strip
configure:5539: checking for ranlib
configure:5555: found /usr/bin/ranlib
configure:5566: result: ranlib
configure:5656: checking command to parse /usr/bin/nm output from gcc object
configure:5774: gcc -c -g -O2  conftest.c >&5
configure:5777: $? = 0
configure:5781: /usr/bin/nm conftest.o \| sed -n -e 's/^.*[	 ]\([BCDEGRST][BCDEGRST]*\)[	 ][	 ]*\([_A-Za-z][_A-Za-z0-9]*\)$/\1 \2 \2/p' \> conftest.nm
configure:5784: $? = 0
cannot find nm_test_var in conftest.nm
configure:5774: gcc -c -g -O2  conftest.c >&5
configure:5777: $? = 0
configure:5781: /usr/bin/nm conftest.o \| sed -n -e 's/^.*[	 ]\([BCDEGRST][BCDEGRST]*\)[	 ][	 ]*_\([_A-Za-z][_A-Za-z0-9]*\)$/\1 _\2 \2/p' \> conftest.nm
configure:5784: $? = 0
configure:5838: gcc -o conftest -g -O2   conftest.c conftstm.o >&5
configure:5841: $? = 0
configure:5879: result: ok
configure:6144: checking for dsymutil
configure:6160: found /usr/bin/dsymutil
configure:6171: result: dsymutil
configure:6236: checking for nmedit
configure:6252: found /usr/bin/nmedit
configure:6263: result: nmedit
configure:6328: checking for lipo
configure:6344: found /usr/bin/lipo
configure:6355: result: lipo
configure:6420: checking for otool
configure:6436: found /usr/bin/otool
configure:6447: result: otool
configure:6512: checking for otool64
configure:6542: result: no
configure:6587: checking for -single_module linker flag
gcc -g -O2  -o libconftest.dylib -dynamiclib -Wl,-single_module conftest.c
configure:6614: result: yes
configure:6616: checking for -exported_symbols_list linker flag
configure:6636: gcc -o conftest -g -O2   -Wl,-exported_symbols_list,conftest.sym conftest.c  >&5
configure:6636: $? = 0
configure:6646: result: yes
configure:6688: checking how to run the C preprocessor
configure:6719: gcc -E  conftest.c
configure:6719: $? = 0
configure:6733: gcc -E  conftest.c
conftest.c:11:10: fatal error: 'ac_nonexistent.h' file not found
#include <ac_nonexistent.h>
         ^
1 error generated.
configure:6733: $? = 1
configure: failed program was:
| /* confdefs.h */
| #define PACKAGE_NAME "ap_fsys"
| #define PACKAGE_TARNAME "ap_fsys"
| #define PACKAGE_VERSION "0.01"
| #define PACKAGE_STRING "ap_fsys 0.01"
| #define PACKAGE_BUGREPORT "goingonhxk@gmail.com"
| #define PACKAGE_URL ""
| #define PACKAGE "ap_fsys"
| #define VERSION "0.01"
| /* end confdefs.h.  */
| #include <ac_nonexistent.h>
configure:6758: result: gcc -E
configure:6778: gcc -E  conftest.c
configure:6778: $? = 0
configure:6792: gcc -E  conftest.c
conftest.c:11:10: fatal error: 'ac_nonexistent.h' file not found
#include <ac_nonexistent.h>
         ^
1 error generated.
configure:6792: $? = 1
configure: failed program was:
| /* confdefs.h */
| #define PACKAGE_NAME "ap_fsys"
| #define PACKAGE_TARNAME "ap_fsys"
| #define PACKAGE_VERSION "0.01"
| #define PACKAGE_STRING "ap_fsys 0.01"
| #define PACKAGE_BUGREPORT "goingonhxk@gmail.com"
| #define PACKAGE_URL ""
| #define PACKAGE "ap_fsys"
| #define VERSION "0.01"
| /* end confdefs.h.  */
| #include <ac_nonexistent.h>
configure:6821: checking for ANSI C header files
configure:6841: gcc -c -g -O2  conftest.c >&5
configure:6841: $? = 0
configure:6914: gcc -o conftest -g -O2   conftest.c  >&5
configure:6914: $? = 0
configure:6914: ./conftest
configure:6914: $? = 0
configure:6925: result: yes
configure:6938: checking for sys/types.h
configure:6938: gcc -c -g -O2  conftest.c >&5
configure:6938: $? = 0
configure:6938: result: yes
configure:6938: checking for sys/stat.h
configure:6938: gcc -c -g -O2  conftest.c >&5
configure:6938: $? = 0
configure:6938: result: yes
configure:6938: checking for stdlib.h
configure:6938: gcc -c -g -O2  conftest.c >&5
configure:6938: $? = 0
configure:6938: result: yes
configure:6938: checking for string.h
configure:6938: gcc -c -g -O2  conftest.c >&5
configure:6938: $? = 0
configure:6938: result: yes
configure:6938: checking for memory.h
configure:6938: gcc -c -g -O2  conftest.c >&5
configure:6938: $? = 0
configure:6938: result: yes
configure:6938: checking for strings.h
configure:6938: gcc -c -g -O2  conftest.c >&5
configure:6938: $? = 0
configure:6938: result: yes
configure:6938: checking for inttypes.h
configure:6938: gcc -c -g -O2  conftest.c >&5
configure:6938: $? = 0
configure:6938: result: yes
configure:6938: checking for stdint.h
configure:6938: gcc -c -g -O2  conftest.c >&5
configure:6938: $? = 0
configure:6938: result: yes
configure:6938: checking for unistd.h
configure:6938: gcc -c -g -O2  conftest.c >&5
configure:6938: $? = 0
configure:6938: result: yes
configure:6952: checking for dlfcn.h
configure:6952: gcc -c -g -O2  conftest.c >&5
configure:6952: $? = 0
configure:6952: result: yes
configure:7136: checking for objdir
configure:7151: result: .libs
configure:7443: checking if gcc supports -fno-rtti -fno-exceptions
configure:7461: gcc -c -g -O2  -fno-rtti -fno-exceptions conftest.c >&5
configure:7465: $? = 0
configure:7478: result: yes
configure:7498: checking for gcc option to produce PIC
configure:7770: result: -fno-common -DPIC
configure:7782: checking if gcc PIC flag -fno-common -DPIC works
configure:7800: gcc -c -g -O2  -fno-common -DPIC -DPIC conftest.c >&5
configure:7804: $? = 0
configure:7817: result: yes
configure:7841: checking if gcc static flag -static works
configure:7869: result: no
configure:7884: checking if gcc supports -c -o file.o
configure:7905: gcc -c -g -O2  -o out/conftest2.o conftest.c >&5
configure:7909: $? = 0
configure:7931: result: yes
configure:7939: checking if gcc supports -c -o file.o
configure:7986: result: yes
configure:8019: checking whether the gcc linker (/Applications/Xcode.app/Contents/Developer/Toolchains/XcodeDefault.xctoolchain/usr/bin/ld) supports shared libraries
configure:9005: result: yes
configure:9244: checking dynamic linker characteristics
configure:9895: result: darwin14.5.0 dyld
configure:9997: checking how to hardcode library paths into programs
configure:10022: result: immediate
configure:10542: checking whether stripping libraries is possible
configure:10556: result: yes
configure:10582: checking if libtool supports shared libraries
configure:10584: result: yes
configure:10587: checking whether to build shared libraries
configure:10608: result: yes
configure:10611: checking whether to build static libraries
configure:10615: result: yes
configure:10701: checking for gcc
configure:10728: result: gcc
configure:10957: checking for C compiler version
configure:10966: gcc --version >&5
Apple LLVM version 6.0 (clang-600.0.57) (based on LLVM 3.5svn)
Target: x86_64-apple-darwin14.5.0
Thread model: posix
Configured with: --prefix=/Applications/Xcode.app/Contents/Developer/usr --with-gxx-include-dir=/Applications/Xcode.app/Contents/Developer/Platforms/MacOSX.platform/Developer/SDKs/MacOSX10.10.sdk/usr/include/c++/4.2.1
configure:10977: $? = 0
configure:10966: gcc -v >&5
Configured with: --prefix=/Applications/Xcode.app/Contents/Developer/usr --with-gxx-include-dir=/Applications/Xcode.app/Contents/Developer/Platforms/MacOSX.platform/Developer/SDKs/MacOSX10.10.sdk/usr/include/c++/4.2.1
Apple LLVM version 6.0 (clang-600.0.57) (based on LLVM 3.5svn)
Target: x86_64-apple-darwin14.5.0
Thread model: posix
configure:10977: $? = 0
configure:10966: gcc -V >&5
clang: error: argument to '-V' is missing (expected 1 value)
clang: error: no input files
configure:10977: $? = 1
configure:10966: gcc -qversion >&5
clang: error: unknown argument: '-qversion'
clang: error: no input files
configure:10977: $? = 1
configure:10981: checking whether we are using the GNU C compiler
configure:11009: result: yes
configure:11018: checking whether gcc accepts -g
configure:11079: result: yes
configure:11096: checking for gcc option to accept ISO C89
configure:11172: result: none needed
configure:11197: checking whether gcc understands -c and -o together
configure:11234: result: yes
configure:11253: checking dependency style of gcc
configure:11364: result: gcc3
configure:11386: checking fcntl.h usability
configure:11386: gcc -c -g -O2  conftest.c >&5
configure:11386: $? = 0
configure:11386: result: yes
configure:11386: checking fcntl.h presence
configure:11386: gcc -E  conftest.c
configure:11386: $? = 0
configure:11386: result: yes
configure:11386: checking for fcntl.h
configure:11386: result: yes
configure:11386: checking for stdlib.h
configure:11386: result: yes
configure:11386: checking for string.h
configure:11386: result: yes
configure:11386: checking for unistd.h
configure:11386: result: yes
configure:11398: checking for uid_t in sys/types.h
configure:11417: result: yes
configure:11428: checking for inline
configure:11444: gcc -c -g -O2  conftest.c >&5
configure:11444: $? = 0
configure:11452: result: inline
configure:11470: checking for mode_t
configure:11470: gcc -c -g -O2  conftest.c >&5
configure:11470: $? = 0
configure:11470: gcc -c -g -O2  conftest.c >&5
conftest.c:63:21: error: expected expression
if (sizeof ((mode_t)))
                    ^
1 error generated.
configure:11470: $? = 1
configure: failed program was:
| /* confdefs.h */
| #define PACKAGE_NAME "ap_fsys"
| #define PACKAGE_TARNAME "ap_fsys"
| #define PACKAGE_VERSION "0.01"
| #define PACKAGE_STRING "ap_fsys 0.01"
| #define PACKAGE_BUGREPORT "goingonhxk@gmail.com"
| #define PACKAGE_URL ""
| #define PACKAGE "ap_fsys"
| #define VERSION "0.01"
| #define STDC_HEADERS 1
| #define HAVE_SYS_TYPES_H 1
| #define HAVE_SYS_STAT_H 1
| #define HAVE_STDLIB_H 1
| #define HAVE_STRING_H 1
| #define HAVE_MEMORY_H 1
| #define HAVE_STRINGS_H 1
| #define HAVE_INTTYPES_H 1
| #define HAVE_STDINT_H 1
| #define HAVE_UNISTD_H 1
| #define HAVE_DLFCN_H 1
| #define LT_OBJDIR ".libs/"
| #define HAVE_FCNTL_H 1
| #define HAVE_STDLIB_H 1
| #define HAVE_STRING_H 1
| #define HAVE_UNISTD_H 1
| /* end confdefs.h.  */
| #include <stdio.h>
| #ifdef HAVE_SYS_TYPES_H
| # include <sys/types.h>
| #endif
| #ifdef HAVE_SYS_STAT_H
| # include <sys/stat.h>
| #endif
| #ifdef STDC_HEADERS
| # include <stdlib.h>
| # include <stddef.h>
| #else
| # ifdef HAVE_STDLIB_H
| #  include <stdlib.h>
| # endif
| #endif
| #ifdef HAVE_STRING_H
| # if !defined STDC_HEADERS && defined HAVE_MEMORY_H
| #  include <memory.h>
| # endif
| # include <string.h>
| #endif
| #ifdef HAVE_STRINGS_H
| # include <strings.h>
| #endif
| #ifdef HAVE_INTTYPES_H
| # include <inttypes.h>
| #endif
| #ifdef HAVE_STDINT_H
| # include <stdint.h>
| #endif
| #ifdef HAVE_UNISTD_H
| # include <unistd.h>
| #endif
| int
| main ()
| {
| if (sizeof ((mode_t)))
| 	    return 0;
|   ;
|   return 0;
| }
configure:11470: result: yes
configure:11481: checking for off_t
configure:11481: gcc -c -g -O2  conftest.c >&5
configure:11481: $? = 0
configure:11481: gcc -c -g -O2  conftest.c >&5
conftest.c:63:20: error: expected expression
if (sizeof ((off_t)))
                   ^
1 error generated.
configure:11481: $? = 1
configure: failed program was:
| /* confdefs.h */
| #define PACKAGE_NAME "ap_fsys"
| #define PACKAGE_TARNAME "ap_fsys"
| #define PACKAGE_VERSION "0.01"
| #define PACKAGE_STRING "ap_fsys 0.01"
| #define PACKAGE_BUGREPORT "goingonhxk@gmail.com"
| #define PACKAGE_URL ""
| #define PACKAGE "ap_fsys"
| #define VERSION "0.01"
| #define STDC_HEADERS 1
| #define HAVE_SYS_TYPES_H 1
| #define HAVE_SYS_STAT_H 1
| #define HAVE_STDLIB_H 1
| #define HAVE_STRING_H 1
| #define HAVE_MEMORY_H 1
| #define HAVE_STRINGS_H 1
| #define HAVE_INTTYPES_H 1
| #define HAVE_STDINT_H 1
| #define HAVE_UNISTD_H 1
| #define HAVE_DLFCN_H 1
| #define LT_OBJDIR ".libs/"
| #define HAVE_FCNTL_H 1
| #define HAVE_STDLIB_H 1
| #define HAVE_STRING_H 1
| #define HAVE_UNISTD_H 1
| /* end confdefs.h.  */
| #include <stdio.h>
| #ifdef HAVE_SYS_TYPES_H
| # include <sys/types.h>
| #endif
| #ifdef HAVE_SYS_STAT_H
| # include <sys/stat.h>
| #endif
| #ifdef STDC_HEADERS
| # include <stdlib.h>
| # include <stddef.h>
| #else
| # ifdef HAVE_STDLIB_H
| #  include <stdlib.h>
| # endif
| #endif
| #ifdef HAVE_STRING_H
| # if !defined STDC_HEADERS && defined HAVE_MEMORY_H
| #  include <memory.h>
| # endif
| # include <string.h>
| #endif
| #ifdef HAVE_STRINGS_H
| # include <strings.h>
| #endif
| #ifdef HAVE_INTTYPES_H
| # include <inttypes.h>
| #endif
| #ifdef HAVE_STDINT_H
| # include <stdint.h>
| #endif
| #ifdef HAVE_UNISTD_H
| # include <unistd.h>
| #endif
| int
| main ()
| {
| if (sizeof ((off_t)))
| 	    return 0;
|   ;
|   return 0;
| }
configure:11481: result: yes
configure:11492: checking for pid_t
configure:11492: gcc -c -g -O2  conftest.c >&5
configure:11492: $? = 0
configure:11492: gcc -c -g -O2  conftest.c >&5
conftest.c:63:20: error: expected expression
if (sizeof ((pid_t)))
                   ^
1 error generated.
configure:11492: $? = 1
configure: failed program was:
| /* confdefs.h */
| #define PACKAGE_NAME "ap_fsys"
| #define PACKAGE_TARNAME "ap_fsys"
| #define PACKAGE_VERSION "0.01"
| #define PACKAGE_STRING "ap_fsys 0.01"
| #define PACKAGE_BUGREPORT "goingonhxk@gmail.com"
| #define PACKAGE_URL ""
| #define PACKAGE "ap_fsys"
| #define VERSION "0.01"
| #define STDC_HEADERS 1
| #define HAVE_SYS_TYPES_H 1
| #define HAVE_SYS_STAT_H 1
| #define HAVE_STDLIB_H 1
| #define HAVE_STRING_H 1
| #define HAVE_MEMORY_H 1
| #define HAVE_STRINGS_H 1
| #define HAVE_INTTYPES_H 1
| #define HAVE_STDINT_H 1
| #define HAVE_UNISTD_H 1
| #define HAVE_DLFCN_H 1
| #define LT_OBJDIR ".libs/"
| #define HAVE_FCNTL_H 1
| #define HAVE_STDLIB_H 1
| #define HAVE_STRING_H 1
| #define HAVE_UNISTD_H 1
| /* end confdefs.h.  */
| #include <stdio.h>
| #ifdef HAVE_SYS_TYPES_H
| # include <sys/types.h>
| #endif
| #ifdef HAVE_SYS_STAT_H
| # include <sys/stat.h>
| #endif
| #ifdef STDC_HEADERS
| # include <stdlib.h>
| # include <stddef.h>
| #else
| # ifdef HAVE_STDLIB_H
| #  include <stdlib.h>
| # endif
| #endif
| #ifdef HAVE_STRING_H
| # if !defined STDC_HEADERS && defined HAVE_MEMORY_H
| #  include <memory.h>
| # endif
| # include <string.h>
| #endif
| #ifdef HAVE_STRINGS_H
| # include <strings.h>
| #endif
| #ifdef HAVE_INTTYPES_H
| # include <inttypes.h>
| #endif
| #ifdef HAVE_STDINT_H
| # include <stdint.h>
| #endif
| #ifdef HAVE_UNISTD_H
| # include <unistd.h>
| #endif
| int
| main ()
| {
| if (sizeof ((pid_t)))
| 	    return 0;
|   ;
|   return 0;
| }
configure:11492: result: yes
configure:11503: checking for size_t
configure:11503: gcc -c -g -O2  conftest.c >&5
configure:11503: $? = 0
configure:11503: gcc -c -g -O2  conftest.c >&5
conftest.c:63:21: error: expected expression
if (sizeof ((size_t)))
                    ^
1 error generated.
configure:11503: $? = 1
configure: failed program was:
| /* confdefs.h */
| #define PACKAGE_NAME "ap_fsys"
| #define PACKAGE_TARNAME "ap_fsys"
| #define PACKAGE_VERSION "0.01"
| #define PACKAGE_STRING "ap_fsys 0.01"
| #define PACKAGE_BUGREPORT "goingonhxk@gmail.com"
| #define PACKAGE_URL ""
| #define PACKAGE "ap_fsys"
| #define VERSION "0.01"
| #define STDC_HEADERS 1
| #define HAVE_SYS_TYPES_H 1
| #define HAVE_SYS_STAT_H 1
| #define HAVE_STDLIB_H 1
| #define HAVE_STRING_H 1
| #define HAVE_MEMORY_H 1
| #define HAVE_STRINGS_H 1
| #define HAVE_INTTYPES_H 1
| #define HAVE_STDINT_H 1
| #define HAVE_UNISTD_H 1
| #define HAVE_DLFCN_H 1
| #define LT_OBJDIR ".libs/"
| #define HAVE_FCNTL_H 1
| #define HAVE_STDLIB_H 1
| #define HAVE_STRING_H 1
| #define HAVE_UNISTD_H 1
| /* end confdefs.h.  */
| #include <stdio.h>
| #ifdef HAVE_SYS_TYPES_H
| # include <sys/types.h>
| #endif
| #ifdef HAVE_SYS_STAT_H
| # include <sys/stat.h>
| #endif
| #ifdef STDC_HEADERS
| # include <stdlib.h>
| # include <stddef.h>
| #else
| # ifdef HAVE_STDLIB_H
| #  include <stdlib.h>
| # endif
| #endif
| #ifdef HAVE_STRING_H
| # if !defined STDC_HEADERS && defined HAVE_MEMORY_H
| #  include <memory.h>
| # endif
| # include <string.h>
| #endif
| #ifdef HAVE_STRINGS_H
| # include <strings.h>
| #endif
| #ifdef HAVE_INTTYPES_H
| # include <inttypes.h>
| #endif
| #ifdef HAVE_STDINT_H
| # include <stdint.h>
| #endif
| #ifdef HAVE_UNISTD_H
| # include <unistd.h>
| #endif
| int
| main ()
| {
| if (sizeof ((size_t)))
| 	    return 0;
|   ;
|   return 0;
| }
configure:11503: result: yes
configure:11514: checking for ssize_t
configure:11514: gcc -c -g -O2  conftest.c >&5
configure:11514: $? = 0
configure:11514: gcc -c -g -O2  conftest.c >&5
conftest.c:63:22: error: expected expression
if (sizeof ((ssize_t)))
                     ^
1 error generated.
configure:11514: $? = 1
configure: failed program was:
| /* confdefs.h */
| #define PACKAGE_NAME "ap_fsys"
| #define PACKAGE_TARNAME "ap_fsys"
| #define PACKAGE_VERSION "0.01"
| #define PACKAGE_STRING "ap_fsys 0.01"
| #define PACKAGE_BUGREPORT "goingonhxk@gmail.com"
| #define PACKAGE_URL ""
| #define PACKAGE "ap_fsys"
| #define VERSION "0.01"
| #define STDC_HEADERS 1
| #define HAVE_SYS_TYPES_H 1
| #define HAVE_SYS_STAT_H 1
| #define HAVE_STDLIB_H 1
| #define HAVE_STRING_H 1
| #define HAVE_MEMORY_H 1
| #define HAVE_STRINGS_H 1
| #define HAVE_INTTYPES_H 1
| #define HAVE_STDINT_H 1
| #define HAVE_UNISTD_H 1
| #define HAVE_DLFCN_H 1
| #define LT_OBJDIR ".libs/"
| #define HAVE_FCNTL_H 1
| #define HAVE_STDLIB_H 1
| #define HAVE_STRING_H 1
| #define HAVE_UNISTD_H 1
| /* end confdefs.h.  */
| #include <stdio.h>
| #ifdef HAVE_SYS_TYPES_H
| # include <sys/types.h>
| #endif
| #ifdef HAVE_SYS_STAT_H
| # include <sys/stat.h>
| #endif
| #ifdef STDC_HEADERS
| # include <stdlib.h>
| # include <stddef.h>
| #else
| # ifdef HAVE_STDLIB_H
| #  include <stdlib.h>
| # endif
| #endif
| #ifdef HAVE_STRING_H
| # if !defined STDC_HEADERS && defined HAVE_MEMORY_H
| #  include <memory.h>
| # endif
| # include <string.h>
| #endif
| #ifdef HAVE_STRINGS_H
| # include <strings.h>
| #endif
| #ifdef HAVE_INTTYPES_H
| # include <inttypes.h>
| #endif
| #ifdef HAVE_STDINT_H
| # include <stdint.h>
| #endif
| #ifdef HAVE_UNISTD_H
| # include <unistd.h>
| #endif
| int
| main ()
| {
| if (sizeof ((ssize_t)))
| 	    return 0;
|   ;
|   return 0;
| }
configure:11514: result: yes
configure:11527: checking whether lstat correctly handles trailing slash
configure:11553: gcc -o conftest -g -O2   conftest.c  >&5
configure:11553: $? = 0
configure:11553: ./conftest
configure:11553: $? = 1
configure: program exited with status 1
configure: failed program was:
| /* confdefs.h */
| #define PACKAGE_NAME "ap_fsys"
| #define PACKAGE_TARNAME "ap_fsys"
| #define PACKAGE_VERSION "0.01"
| #define PACKAGE_STRING "ap_fsys 0.01"
| #define PACKAGE_BUGREPORT "goingonhxk@gmail.com"
| #define PACKAGE_URL ""
| #define PACKAGE "ap_fsys"
| #define VERSION "0.01"
| #define STDC_HEADERS 1
| #define HAVE_SYS_TYPES_H 1
| #define HAVE_SYS_STAT_H 1
| #define HAVE_STDLIB_H 1
| #define HAVE_STRING_H 1
| #define HAVE_MEMORY_H 1
| #define HAVE_STRINGS_H 1
| #define HAVE_INTTYPES_H 1
| #define HAVE_STDINT_H 1
| #define HAVE_UNISTD_H 1
| #define HAVE_DLFCN_H 1
| #define LT_OBJDIR ".libs/"
| #define HAVE_FCNTL_H 1
| #define HAVE_STDLIB_H 1
| #define HAVE_STRING_H 1
| #define HAVE_UNISTD_H 1
| /* end confdefs.h.  */
| #include <stdio.h>
| #ifdef HAVE_SYS_TYPES_H
| # include <sys/types.h>
| #endif
| #ifdef HAVE_SYS_STAT_H
| # include <sys/stat.h>
| #endif
| #ifdef STDC_HEADERS
| # include <stdlib.h>
| # include <stddef.h>
| #else
| # ifdef HAVE_STDLIB_H
| #  include <stdlib.h>
| # endif
| #endif
| #ifdef HAVE_STRING_H
| # if !defined STDC_HEADERS && defined HAVE_MEMORY_H
| #  include <memory.h>
| # endif
| # include <string.h>
| #endif
| #ifdef HAVE_STRINGS_H
| # include <strings.h>
| #endif
| #ifdef HAVE_INTTYPES_H
| # include <inttypes.h>
| #endif
| #ifdef HAVE_STDINT_H
| # include <stdint.h>
| #endif
| #ifdef HAVE_UNISTD_H
| # include <unistd.h>
| #endif
| int
| main ()
| {
| struct stat sbuf;
|      /* Linux will dereference the symlink and fail, as required by POSIX.
| 	That is better in the sense that it means we will not
| 	have to compile and use the lstat wrapper.  */
|      return lstat ("conftest.sym/", &sbuf) == 0;
|   ;
|   return 0;
| }
configure:11570: result: no
configure:11591: checking for stdlib.h
configure:11591: result: yes
configure:11601: checking for GNU libc compatible malloc
configure:11625: gcc -o conftest -g -O2   conftest.c  >&5
configure:11625: $? = 0
configure:11625: ./conftest
configure:11625: $? = 0
configure:11635: result: yes
configure:11659: checking for atexit
configure:11659: gcc -o conftest -g -O2   conftest.c  >&5
configure:11659: $? = 0
configure:11659: result: yes
configure:11659: checking for memset
configure:11659: gcc -o conftest -g -O2   conftest.c  >&5
conftest.c:53:6: warning: incompatible redeclaration of library function 'memset' [-Wincompatible-library-redeclaration]
char memset ();
     ^
conftest.c:53:6: note: 'memset' is a builtin with type 'void *(void *, int, unsigned long)'
1 warning generated.
configure:11659: $? = 0
configure:11659: result: yes
configure:11659: checking for mkdir
configure:11659: gcc -o conftest -g -O2   conftest.c  >&5
configure:11659: $? = 0
configure:11659: result: yes
configure:11659: checking for rmdir
configure:11659: gcc -o conftest -g -O2   conftest.c  >&5
configure:11659: $? = 0
configure:11659: result: yes
configure:11659: checking for strchr
configure:11659: gcc -o conftest -g -O2   conftest.c  >&5
conftest.c:56:6: warning: incompatible redeclaration of library function 'strchr' [-Wincompatible-library-redeclaration]
char strchr ();
     ^
conftest.c:56:6: note: 'strchr' is a builtin with type 'char *(const char *, int)'
1 warning generated.
configure:11659: $? = 0
configure:11659: result: yes
configure:11659: checking for strrchr
configure:11659: gcc -o conftest -g -O2   conftest.c  >&5
conftest.c:57:6: warning: incompatible redeclaration of library function 'strrchr' [-Wincompatible-library-redeclaration]
char strrchr ();
     ^
conftest.c:57:6: note: 'strrchr' is a builtin with type 'char *(const char *, int)'
1 warning generated.
configure:11659: $? = 0
configure:11659: result: yes
configure:11778: checking that generated files are newer than configure
configure:11784: result: done
configure:11811: creating ./config.status

## ---------------------- ##
## Running config.status. ##
## ---------------------- ##

This file was extended by ap_fsys config.status 0.01, which was
generated by GNU Autoconf 2.69.  Invocation command line was

  CONFIG_FILES    = 
  CONFIG_HEADERS  = 
  CONFIG_LINKS    = 
  CONFIG_COMMANDS = 
  $ ./config.status 

on sunyadeMacBook-Pro.local

config.status:1073: creating Makefile
config.status:1073: creating config.h
config.status:1254: config.h is unchanged
config.status:1302: executing depfiles commands
config.status:1302: executing libtool commands

## ---------------- ##
## Cache variables. ##
## ---------------- ##

ac_cv_build=x86_64-apple-darwin14.5.0
ac_cv_c_compiler_gnu=yes
ac_cv_c_inline=inline
ac_cv_env_CC_set=
ac_cv_env_CC_value=
ac_cv_env_CFLAGS_set=
ac_cv_env_CFLAGS_value=
ac_cv_env_CPPFLAGS_set=
ac_cv_env_CPPFLAGS_value=
ac_cv_env_CPP_set=
ac_cv_env_CPP_value=
ac_cv_env_LDFLAGS_set=
ac_cv_env_LDFLAGS_value=
ac_cv_env_LIBS_set=
ac_cv_env_LIBS_value=
ac_cv_env_build_alias_set=
ac_cv_env_build_alias_value=
ac_cv_env_host_alias_set=
ac_cv_env_host_alias_value=
ac_cv_env_target_alias_set=
ac_cv_env_target_alias_value=
ac_cv_func_atexit=yes
ac_cv_func_lstat_dereferences_slashed_symlink=no
ac_cv_func_malloc_0_nonnull=yes
ac_cv_func_memset=yes
ac_cv_func_mkdir=yes
ac_cv_func_rmdir=yes
ac_cv_func_strchr=yes
ac_cv_func_strrchr=yes
ac_cv_header_dlfcn_h=yes
ac_cv_header_fcntl_h=yes
ac_cv_header_inttypes_h=yes
ac_cv_header_memory_h=yes
ac_cv_header_stdc=yes
ac_cv_header_stdint_h=yes
ac_cv_header_stdlib_h=yes
ac_cv_header_string_h=yes
ac_cv_header_strings_h=yes
ac_cv_header_sys_stat_h=yes
ac_cv_header_sys_types_h=yes
ac_cv_header_unistd_h=yes
ac_cv_host=x86_64-apple-darwin14.5.0
ac_cv_objext=o
ac_cv_path_EGREP='/usr/bin/grep -E'
ac_cv_path_FGREP='/usr/bin/grep -F'
ac_cv_path_GREP=/usr/bin/grep
ac_cv_path_SED=/usr/bin/sed
ac_cv_path_install='/usr/bin/install -c'
ac_cv_prog_AWK=awk
ac_cv_prog_CPP='gcc -E'
ac_cv_prog_ac_ct_AR=ar
ac_cv_prog_ac_ct_CC=gcc
ac_cv_prog_ac_ct_DSYMUTIL=dsymutil
ac_cv_prog_ac_ct_LIPO=lipo
ac_cv_prog_ac_ct_NMEDIT=nmedit
ac_cv_prog_ac_ct_OTOOL=otool
ac_cv_prog_ac_ct_RANLIB=ranlib
ac_cv_prog_ac_ct_STRIP=strip
ac_cv_prog_cc_c89=
ac_cv_prog_cc_g=yes
ac_cv_prog_make_make_set=yes
ac_cv_type_mode_t=yes
ac_cv_type_off_t=yes
ac_cv_type_pid_t=yes
ac_cv_type_size_t=yes
ac_cv_type_ssize_t=yes
ac_cv_type_uid_t=yes
am_cv_CC_dependencies_compiler_type=gcc3
am_cv_make_support_nested_variables=yes
am_cv_prog_cc_c_o=yes
lt_cv_apple_cc_single_mod=yes
lt_cv_deplibs_check_method=pass_all
lt_cv_file_magic_cmd='$MAGIC_CMD'
lt_cv_file_magic_test_file=
lt_cv_ld_exported_symbols_list=yes
lt_cv_ld_reload_flag=-r
lt_cv_nm_interface='BSD nm'
lt_cv_objdir=.libs
lt_cv_path_LD=/Applications/Xcode.app/Contents/Developer/Toolchains/XcodeDefault.xctoolchain/usr/bin/ld
lt_cv_path_NM=/usr/bin/nm
lt_cv_prog_compiler_c_o=yes
lt_cv_prog_compiler_pic_works=yes
lt_cv_prog_compiler_rtti_exceptions=yes
lt_cv_prog_compiler_static_works=no
lt_cv_prog_gnu_ld=no
lt_cv_sys_global_symbol_pipe='sed -n -e '\''s/^.*[	 ]\([BCDEGRST][BCDEGRST]*\)[	 ][	 ]*_\([_A-Za-z][_A-Za-z0-9]*\)$/\1 _\2 \2/p'\'''
lt_cv_sys_global_symbol_to_c_name_address='sed -n -e '\''s/^: \([^ ]*\) $/  {\"\1\", (void *) 0},/p'\'' -e '\''s/^[BCDEGRST]* \([^ ]*\) \([^ ]*\)$/  {"\2", (void *) \&\2},/p'\'''
lt_cv_sys_global_symbol_to_c_name_address_lib_prefix='sed -n -e '\''s/^: \([^ ]*\) $/  {\"\1\", (void *) 0},/p'\'' -e '\''s/^[BCDEGRST]* \([^ ]*\) \(lib[^ ]*\)$/  {"\2", (void *) \&\2},/p'\'' -e '\''s/^[BCDEGRST]* \([^ ]*\) \([^ ]*\)$/  {"lib\2", (void *) \&\2},/p'\'''
lt_cv_sys_global_symbol_to_cdecl='sed -n -e '\''s/^T .* \(.*\)$/extern int \1();/p'\'' -e '\''s/^[BCDEGRST]* .* \(.*\)$/extern char \1;/p'\'''
lt_cv_sys_max_cmd_len=196608

## ----------------- ##
## Output variables. ##
## ----------------- ##

ACLOCAL='${SHELL} /Users/sunya/Desktop/mycode/ap_file_system/missing aclocal-1.15'
AMDEPBACKSLASH='\'
AMDEP_FALSE='#'
AMDEP_TRUE=''
AMTAR='$${TAR-tar}'
AM_BACKSLASH='\'
AM_DEFAULT_V='$(AM_DEFAULT_VERBOSITY)'
AM_DEFAULT_VERBOSITY='1'
AM_V='$(V)'
AR='ar'
AUTOCONF='${SHELL} /Users/sunya/Desktop/mycode/ap_file_system/missing autoconf'
AUTOHEADER='${SHELL} /Users/sunya/Desktop/mycode/ap_file_system/missing autoheader'
AUTOMAKE='${SHELL} /Users/sunya/Desktop/mycode/ap_file_system/missing automake-1.15'
AWK='awk'
CC='gcc'
CCDEPMODE='depmode=gcc3'
CFLAGS='-g -O2'
CPP='gcc -E'
CPPFLAGS=''
CYGPATH_W='echo'
DEFS='-DHAVE_CONFIG_H'
DEPDIR='.deps'
DSYMUTIL='dsymutil'
DUMPBIN=''
ECHO_C='\c'
ECHO_N=''
ECHO_T=''
EGREP='/usr/bin/grep -E'
EXEEXT=''
FGREP='/usr/bin/grep -F'
GREP='/usr/bin/grep'
INSTALL_DATA='${INSTALL} -m 644'
INSTALL_PROGRAM='${INSTALL}'
INSTALL_SCRIPT='${INSTALL}'
INSTALL_STRIP_PROGRAM='$(install_sh) -c -s'
LD='/Applications/Xcode.app/Contents/Developer/Toolchains/XcodeDefault.xctoolchain/usr/bin/ld'
LDFLAGS=''
LIBOBJS=' ${LIBOBJDIR}lstat$U.o'
LIBS=''
LIBTOOL='$(SHELL) $(top_builddir)/libtool'
LIPO='lipo'
LN_S='ln -s'
LTLIBOBJS=' ${LIBOBJDIR}lstat$U.lo'
MAKEINFO='${SHELL} /Users/sunya/Desktop/mycode/ap_file_system/missing makeinfo'
MKDIR_P='./install-sh -c -d'
NM='/usr/bin/nm'
NMEDIT='nmedit'
OBJDUMP='false'
OBJEXT='o'
OTOOL64=':'
OTOOL='otool'
PACKAGE='ap_fsys'
PACKAGE_BUGREPORT='goingonhxk@gmail.com'
PACKAGE_NAME='ap_fsys'
PACKAGE_STRING='ap_fsys 0.01'
PACKAGE_TARNAME='ap_fsys'
PACKAGE_URL=''
PACKAGE_VERSION='0.01'
PATH_SEPARATOR=':'
RANLIB='ranlib'
SED='/usr/bin/sed'
SET_MAKE=''
SHELL='/bin/sh'
STRIP='strip'
VERSION='0.01'
ac_ct_CC='gcc'
ac_ct_DUMPBIN=''
am__EXEEXT_FALSE=''
am__EXEEXT_TRUE='#'
am__fastdepCC_FALSE='#'
am__fastdepCC_TRUE=''
am__include='include'
am__isrc=''
am__leading_dot='.'
am__nodep='_no'
am__quote=''
am__tar='$${TAR-tar} chof - "$$tardir"'
am__untar='$${TAR-tar} xf -'
bindir='${exec_prefix}/bin'
build='x86_64-apple-darwin14.5.0'
build_alias=''
build_cpu='x86_64'
build_os='darwin14.5.0'
build_vendor='apple'
datadir='${datarootdir}'
datarootdir='${prefix}/share'
docdir='${datarootdir}/doc/${PACKAGE_TARNAME}'
dvidir='${docdir}'
exec_prefix='${prefix}'
host='x86_64-apple-darwin14.5.0'
host_alias=''
host_cpu='x86_64'
host_os='darwin14.5.0'
host_vendor='apple'
htmldir='${docdir}'
includedir='${prefix}/include'
infodir='${datarootdir}/info'
install_sh='${SHELL} /Users/sunya/Desktop/mycode/ap_file_system/install-sh'
libdir='${exec_prefix}/lib'
libexecdir='${exec_prefix}/libexec'
localedir='${datarootdir}/locale'
localstatedir='${prefix}/var'
lt_ECHO='/bin/echo'
mandir='${datarootdir}/man'
mkdir_p='$(MKDIR_P)'
oldincludedir='/usr/include'
pdfdir='${docdir}'
prefix='/usr/local'
program_transform_name='s,x,x,'
psdir='${docdir}'
sbindir='${exec_prefix}/sbin'
sharedstatedir='${prefix}/com'
sysconfdir='${prefix}/etc'
target_alias=''

## ----------- ##
## confdefs.h. ##
## ----------- ##

/* confdefs.h */
#define PACKAGE_NAME "ap_fsys"
#define PACKAGE_TARNAME "ap_fsys"
#define PACKAGE_VERSION "0.01"
#define PACKAGE_STRING "ap_fsys 0.01"
#define PACKAGE_BUGREPORT "goingonhxk@gmail.com"
#define PACKAGE_URL ""
#define PACKAGE "ap_fsys"
#define VERSION "0.01"
#define STDC_HEADERS 1
#define HAVE_SYS_TYPES_H 1
#define HAVE_SYS_STAT_H 1
#define HAVE_STDLIB_H 1
#define HAVE_STRING_H 1
#define HAVE_MEMORY_H 1
#define HAVE_STRINGS_H 1
#define HAVE_INTTYPES_H 1
#define HAVE_STDINT_H 1
#define HAVE_UNISTD_H 1
#define HAVE_DLFCN_H 1
#define LT_OBJDIR ".libs/"
#define HAVE_FCNTL_H 1
#define HAVE_STDLIB_H 1
#define HAVE_STRING_H 1
#define HAVE_UNISTD_H 1
#define HAVE_STDLIB_H 1
#define HAVE_MALLOC 1
#define HAVE_ATEXIT 1
#define HAVE_MEMSET 1
#define HAVE_MKDIR 1
#define HAVE_RMDIR 1
#define HAVE_STRCHR 1
#define HAVE_STRRCHR 1

configure: exit 0
